2023-09-20 14:41:07,512 INFO notifyConnectTimeout:200

2023-09-20 14:41:07,514 INFO notifySocketTimeout:8000

2023-09-20 14:41:07,514 INFO isHealthCheck:true

2023-09-20 14:41:07,514 INFO maxHealthCheckFailCount:12

2023-09-20 14:41:07,514 INFO maxContent:10485760

2023-09-20 14:41:09,144 INFO use local db service for init

2023-09-20 14:41:09,447 WARN Lexical error at line 4, column 66.  Encountered: <EOF> after : "".

2023-09-20 14:41:09,453 WARN Syntax error: Encountered "*" at line 1, column 1.

2023-09-20 14:41:09,477 WARN Table/View 'CONFIG_INFO' already exists in Schema 'NACOS'.

2023-09-20 14:41:09,502 WARN Table/View 'HIS_CONFIG_INFO' already exists in Schema 'NACOS'.

2023-09-20 14:41:09,512 WARN Table/View 'CONFIG_INFO_BETA' already exists in Schema 'NACOS'.

2023-09-20 14:41:09,516 WARN Table/View 'CONFIG_INFO_TAG' already exists in Schema 'NACOS'.

2023-09-20 14:41:09,519 WARN Table/View 'CONFIG_INFO_AGGR' already exists in Schema 'NACOS'.

2023-09-20 14:41:09,523 WARN Table/View 'APP_LIST' already exists in Schema 'NACOS'.

2023-09-20 14:41:09,525 WARN Table/View 'APP_CONFIGDATA_RELATION_SUBS' already exists in Schema 'NACOS'.

2023-09-20 14:41:09,527 WARN Table/View 'APP_CONFIGDATA_RELATION_PUBS' already exists in Schema 'NACOS'.

2023-09-20 14:41:09,530 WARN Table/View 'CONFIG_TAGS_RELATION' already exists in Schema 'NACOS'.

2023-09-20 14:41:09,535 WARN Table/View 'GROUP_CAPACITY' already exists in Schema 'NACOS'.

2023-09-20 14:41:09,537 WARN Table/View 'TENANT_CAPACITY' already exists in Schema 'NACOS'.

2023-09-20 14:41:09,540 WARN Table/View 'TENANT_INFO' already exists in Schema 'NACOS'.

2023-09-20 14:41:09,544 WARN Table/View 'USERS' already exists in Schema 'NACOS'.

2023-09-20 14:41:09,546 WARN Table/View 'ROLES' already exists in Schema 'NACOS'.

2023-09-20 14:41:09,548 WARN Table/View 'PERMISSIONS' already exists in Schema 'NACOS'.

2023-09-20 14:41:09,578 WARN The statement was aborted because it would have caused a duplicate key value in a unique or primary key constraint or unique index identified by 'SQL230504083053250' defined on 'USERS'.

2023-09-20 14:41:09,582 WARN The statement was aborted because it would have caused a duplicate key value in a unique or primary key constraint or unique index identified by 'UK_USERNAME_ROLE' defined on 'ROLES'.

2023-09-20 14:41:09,582 WARN Lexical error at line 4, column 13.  Encountered: "`" (96), after : "".

2023-09-20 14:41:09,582 WARN Lexical error at line 1, column 13.  Encountered: "`" (96), after : "".

2023-09-20 14:41:09,582 WARN Lexical error at line 1, column 13.  Encountered: "`" (96), after : "".

2023-09-20 14:41:09,582 WARN Lexical error at line 1, column 13.  Encountered: "`" (96), after : "".

2023-09-20 14:41:09,582 INFO use StandaloneDatabaseOperateImpl

2023-09-20 14:41:10,019 WARN DumpService start

2023-09-20 14:41:10,020 INFO start clear all config-info.

2023-09-20 14:41:10,021 WARN clear all config-info failed.

2023-09-20 14:41:10,021 WARN clear all config-info-tenant failed.

2023-09-20 14:41:10,028 INFO start clear all config-info-beta.

2023-09-20 14:41:10,028 WARN clear all config-info-beta failed.

2023-09-20 14:41:10,028 WARN clear all config-info-beta-tenant failed.

2023-09-20 14:41:10,033 INFO start clear all config-info-tag.

2023-09-20 14:41:10,033 WARN clear all config-info-tag failed.

2023-09-20 14:41:10,033 WARN clear all config-info-tag-tenant failed.

