2023-06-25 09:57:07,066 INFO PERFORMANCE:|0|0|-1|-1

2023-06-25 10:02:07,074 INFO PERFORMANCE:|6|6|-1|-1

2023-06-25 10:07:07,080 INFO PERFORMANCE:|6|6|-1|-1

2023-06-25 10:12:07,085 INFO PERFORMANCE:|6|6|-1|-1

2023-06-25 10:17:07,092 INFO PERFORMANCE:|6|6|-1|-1

2023-06-25 10:22:07,097 INFO PERFORMANCE:|6|6|-1|-1

2023-06-25 10:27:07,103 INFO PERFORMANCE:|6|6|-1|-1

2023-06-25 10:32:07,096 INFO PERFORMANCE:|6|6|-1|-1

2023-06-25 10:37:07,101 INFO PERFORMANCE:|6|6|-1|-1

2023-06-25 10:42:07,106 INFO PERFORMANCE:|6|6|-1|-1

2023-06-25 10:47:07,145 INFO PERFORMANCE:|6|6|-1|-1

2023-06-25 10:52:07,154 INFO PERFORMANCE:|6|6|-1|-1

2023-06-25 10:57:07,160 INFO PERFORMANCE:|6|6|-1|-1

2023-06-25 11:02:07,165 INFO PERFORMANCE:|6|6|-1|-1

2023-06-25 11:07:07,170 INFO PERFORMANCE:|6|6|-1|-1

2023-06-25 11:12:07,175 INFO PERFORMANCE:|6|6|-1|-1

2023-06-25 11:17:07,178 INFO PERFORMANCE:|6|0|-1|-1

2023-06-25 11:22:07,184 INFO PERFORMANCE:|0|0|-1|-1

2023-06-25 11:27:07,191 INFO PERFORMANCE:|0|0|-1|-1

2023-06-25 11:32:07,199 INFO PERFORMANCE:|0|0|-1|-1

2023-06-25 11:37:07,204 INFO PERFORMANCE:|0|0|-1|-1

2023-06-25 11:42:07,236 INFO PERFORMANCE:|0|0|-1|-1

2023-06-25 11:47:07,242 INFO PERFORMANCE:|0|0|-1|-1

2023-06-25 22:43:46,118 INFO PERFORMANCE:|0|0|-1|-1

2023-06-25 22:48:46,121 INFO PERFORMANCE:|6|0|-1|-1

2023-06-25 22:53:46,124 INFO PERFORMANCE:|6|6|-1|-1

2023-06-25 22:58:46,126 INFO PERFORMANCE:|6|6|-1|-1

2023-06-25 23:03:46,130 INFO PERFORMANCE:|6|6|-1|-1

2023-06-25 23:08:46,184 INFO PERFORMANCE:|6|6|-1|-1

2023-06-25 23:13:46,195 INFO PERFORMANCE:|6|6|-1|-1

2023-06-25 23:18:46,203 INFO PERFORMANCE:|6|6|-1|-1

2023-06-25 23:23:46,181 INFO PERFORMANCE:|6|6|-1|-1

